0 verbose cli /data/data/com.termux/files/usr/bin/node /data/data/com.termux/files/usr/bin/npm
1 info using npm@8.18.0
2 info using node@v18.7.0
3 timing npm:load:whichnode Completed in 1ms
4 timing config:load:defaults Completed in 9ms
5 timing config:load:file:/data/data/com.termux/files/usr/lib/node_modules/npm/npmrc Completed in 4ms
6 timing config:load:builtin Completed in 4ms
7 timing config:load:cli Completed in 7ms
8 timing config:load:env Completed in 2ms
9 timing config:load:file:/storage/emulated/0/pak tzy private/bugjo-md/.npmrc Completed in 0ms
10 timing config:load:project Completed in 21ms
11 timing config:load:file:/data/data/com.termux/files/home/.npmrc Completed in 7ms
12 timing config:load:user Completed in 11ms
13 timing config:load:file:/data/data/com.termux/files/usr/etc/npmrc Completed in 1ms
14 timing config:load:global Completed in 2ms
15 timing config:load:validate Completed in 3ms
16 timing config:load:credentials Completed in 5ms
17 timing config:load:setEnvs Completed in 5ms
18 timing config:load Completed in 72ms
19 timing npm:load:configload Completed in 73ms
20 timing npm:load:mkdirpcache Completed in 4ms
21 timing npm:load:mkdirplogs Completed in 3ms
22 verbose title npm start
23 verbose argv "start"
24 timing npm:load:setTitle Completed in 7ms
25 timing config:load:flatten Completed in 15ms
26 timing npm:load:display Completed in 23ms
27 verbose logfile logs-max:10 dir:/data/data/com.termux/files/home/.npm/_logs
28 verbose logfile /data/data/com.termux/files/home/.npm/_logs/2022-09-07T10_43_14_926Z-debug-0.log
29 timing npm:load:logFile Completed in 27ms
30 timing npm:load:timers Completed in 0ms
31 timing npm:load:configScope Completed in 0ms
32 timing npm:load Completed in 142ms
33 silly logfile start cleaning logs, removing 1 files
34 silly logfile done cleaning log files
